Script started on 2025-12-03 23:25:38+00:00 [COMMAND="bun run test:pytest:all" <not executed on terminal>]
[0m[2m[35m$[0m [2m[1muv run pytest[0m
]9;4;3;\[1m============================= test session starts ==============================[0m
platform linux -- Python 3.12.3, pytest-9.0.1, pluggy-1.6.0
rootdir: /home/user/drawio/src/main/webapp/plugins/rdfexport
configfile: pyproject.toml
[1mcollecting ... [0m[1mcollecting 15 items                                                            [0m[1mcollecting 97 items                                                            [0m[1mcollected 112 items                                                            [0m

aicode/integration_tests/debug/tests/test_debug_cli.py ]9;4;1;0\[32m.[0m]9;4;1;0\[32m.[0m]9;4;1;1\[32m.[0m]9;4;1;2\[32m.[0m]9;4;2;3\[31mF[0m]9;4;2;4\[32m.[0m]9;4;2;5\[32m.[0m]9;4;2;6\[32m.[0m]9;4;2;7\[32m.[0m]9;4;2;8\[32m.[0m]9;4;2;8\[32m.[0m]9;4;2;9\[32m.[0m[31m      [ 10%][0m
aicode/integration_tests/debug/tests/test_dynamic_config.py ]9;4;2;10\[32m.[0m[31m            [ 11%][0m
aicode/integration_tests/rmlmapper_workflows/tests/test_map_schema_workflow.py ]9;4;2;11\[32m.[0m[31m [ 12%]
[0m]9;4;2;12\[32m.[0m[31m                                                                        [ 13%][0m
aicode/integration_tests/rmlmapper_workflows/tests/test_pipeline_workflow.py ]9;4;2;13\[33mx[0m[31m [ 14%]
[0m]9;4;2;14\[33mx[0m[31m                                                                        [ 15%][0m
aicode/python_core/tests/test_cell_classifier.py ]9;4;2;15\[32m.[0m]9;4;2;16\[32m.[0m]9;4;2;16\[32m.[0m]9;4;2;17\[32m.[0m]9;4;2;18\[32m.[0m]9;4;2;19\[32m.[0m]9;4;2;20\[32m.[0m]9;4;2;21\[32m.[0m]9;4;2;22\[32m.[0m]9;4;2;23\[32m.[0m]9;4;2;24\[32m.[0m]9;4;2;25\[32m.[0m]9;4;2;25\[32m.[0m]9;4;2;26\[32m.[0m[31m          [ 27%][0m
aicode/python_core/tests/test_curie_validator.py ]9;4;2;27\[32m.[0m]9;4;2;28\[32m.[0m]9;4;2;29\[32m.[0m[31m                     [ 30%][0m
aicode/python_core/tests/test_drawio_meta_builder.py ]9;4;2;30\[32m.[0m]9;4;2;31\[32m.[0m]9;4;2;32\[32m.[0m]9;4;2;33\[32m.[0m]9;4;2;33\[32m.[0m]9;4;2;34\[32m.[0m[31m              [ 35%][0m
aicode/python_core/tests/test_patched_parser.py ]9;4;2;35\[32m.[0m]9;4;2;36\[32m.[0m]9;4;2;37\[32m.[0m]9;4;2;38\[32m.[0m]9;4;2;39\[32m.[0m]9;4;2;40\[32m.[0m]9;4;2;41\[32m.[0m]9;4;2;41\[32m.[0m]9;4;2;42\[32m.[0m]9;4;2;43\[32m.[0m]9;4;2;44\[32m.[0m]9;4;2;45\[32m.[0m]9;4;2;46\[32m.[0m]9;4;2;47\[32m.[0m]9;4;2;48\[32m.[0m]9;4;2;49\[32m.[0m]9;4;2;50\[32m.[0m]9;4;2;50\[32m.[0m]9;4;2;51\[32m.[0m]9;4;2;52\[32m.[0m]9;4;2;53\[32m.[0m]9;4;2;54\[32m.[0m]9;4;2;55\[32m.[0m]9;4;2;56\[32m.[0m[31m [ 57%]
[0m]9;4;2;57\[32m.[0m]9;4;2;58\[32m.[0m]9;4;2;58\[32m.[0m]9;4;2;59\[32m.[0m]9;4;2;60\[32m.[0m]9;4;2;61\[32m.[0m]9;4;2;62\[32m.[0m]9;4;2;63\[32m.[0m]9;4;2;64\[32m.[0m]9;4;2;65\[32m.[0m]9;4;2;66\[32m.[0m]9;4;2;66\[32m.[0m]9;4;2;67\[32m.[0m]9;4;2;68\[32m.[0m]9;4;2;69\[32m.[0m]9;4;2;70\[32m.[0m]9;4;2;71\[32m.[0m]9;4;2;72\[32m.[0m]9;4;2;73\[32m.[0m]9;4;2;74\[32m.[0m]9;4;2;75\[32m.[0m]9;4;2;75\[32m.[0m]9;4;2;76\[32m.[0m]9;4;2;77\[32m.[0m]9;4;2;78\[33mx[0m]9;4;2;79\[33mx[0m[31m                                               [ 80%][0m
aicode/python_core/tests/test_pyodide_pipeline.py ]9;4;2;80\[32m.[0m]9;4;2;81\[32m.[0m]9;4;2;82\[32m.[0m]9;4;2;83\[32m.[0m]9;4;2;83\[32m.[0m]9;4;2;84\[32m.[0m]9;4;2;85\[31mF[0m[31m                [ 86%][0m
python_core/tests/test_draw_io_parser_graph.py ]9;4;2;86\[32m.[0m]9;4;2;87\[32m.[0m]9;4;2;88\[32m.[0m[31m                       [ 89%][0m
python_core/tests/test_parse_drawio_type_values.py ]9;4;2;89\[32m.[0m]9;4;2;90\[32m.[0m]9;4;2;91\[32m.[0m]9;4;2;91\[32m.[0m]9;4;2;92\[32m.[0m]9;4;2;93\[32m.[0m]9;4;2;94\[32m.[0m]9;4;2;95\[32m.[0m]9;4;2;96\[32m.[0m]9;4;2;97\[32m.[0m]9;4;2;98\[32m.[0m]9;4;2;99\[32m.[0m[31m          [100%][0m]9;4;0;\

=================================== FAILURES ===================================
[31m[1m__________________ test_outputs_are_isomorphic_across_sources __________________[0m

    [0m[94mdef[39;49;00m[90m [39;49;00m[92mtest_outputs_are_isomorphic_across_sources[39;49;00m():[90m[39;49;00m
        debugger = Debugger(FIXTURES_DIR)[90m[39;49;00m
        slug = [33mf[39;49;00m[33m"[39;49;00m[33mpytest-[39;49;00m[33m{[39;49;00muuid4().hex[:[94m8[39;49;00m][33m}[39;49;00m[33m"[39;49;00m[90m[39;49;00m
        drawio_path = DEFAULT_FIXTURES_DIR / [33m"[39;49;00m[33mAA37 Department of Health.drawio[39;49;00m[33m"[39;49;00m[90m[39;49;00m
    [90m[39;49;00m
        config = build_config(slug, drawio_path)[90m[39;49;00m
    [90m[39;49;00m
        results_dir = debugger.results_dir / slug[90m[39;49;00m
        [94mtry[39;49;00m:[90m[39;49;00m
            debugger._run_scenario(config)[90m[39;49;00m
            py_legacy_graph = Graph().parse([90m[39;49;00m
                data=(results_dir / [33m"[39;49;00m[33mpy_legacy.nt[39;49;00m[33m"[39;49;00m).read_text(encoding=[33m"[39;49;00m[33mutf-8[39;49;00m[33m"[39;49;00m),[90m[39;49;00m
                [96mformat[39;49;00m=[33m"[39;49;00m[33mnt[39;49;00m[33m"[39;49;00m,[90m[39;49;00m
            )[90m[39;49;00m
            ts_pipeline_graph = Graph().parse([90m[39;49;00m
                data=(results_dir / [33m"[39;49;00m[33mts_pipeline.nt[39;49;00m[33m"[39;49;00m).read_text(encoding=[33m"[39;49;00m[33mutf-8[39;49;00m[33m"[39;49;00m),[90m[39;49;00m
                [96mformat[39;49;00m=[33m"[39;49;00m[33mnt[39;49;00m[33m"[39;49;00m,[90m[39;49;00m
            )[90m[39;49;00m
            ts_plugin_graph = Graph().parse([90m[39;49;00m
                data=(results_dir / [33m"[39;49;00m[33mts_plugin.nt[39;49;00m[33m"[39;49;00m).read_text(encoding=[33m"[39;49;00m[33mutf-8[39;49;00m[33m"[39;49;00m),[90m[39;49;00m
                [96mformat[39;49;00m=[33m"[39;49;00m[33mnt[39;49;00m[33m"[39;49;00m,[90m[39;49;00m
            )[90m[39;49;00m
    [90m[39;49;00m
            [94massert[39;49;00m [96mlen[39;49;00m(py_legacy_graph) > [94m0[39;49;00m[90m[39;49;00m
>           [94massert[39;49;00m [96mlen[39;49;00m(ts_pipeline_graph) == [96mlen[39;49;00m(ts_plugin_graph) > [94m0[39;49;00m[90m[39;49;00m
[1m[31mE           AssertionError: assert 101 == 91[0m
[1m[31mE            +  where 101 = len(<Graph identifier=Nd94e5587d80043a5900fd2ef95f88efd (<class 'rdflib.graph.Graph'>)>)[0m
[1m[31mE            +  and   91 = len(<Graph identifier=Nf9c527f4fcb0463db844750768b8ecfc (<class 'rdflib.graph.Graph'>)>)[0m

[1m[31maicode/integration_tests/debug/tests/test_debug_cli.py[0m:128: AssertionError
----------------------------- Captured stdout call -----------------------------
────────────────────────── Scenario: pytest-a9825254 ───────────────────────────
Fixture: 
/home/user/drawio/src/main/webapp/plugins/rdfexport/data/fixtures/drawio_fixture
s/AA37 Department of Health.drawio
CSV path: /mock/path/to/file.csv
Base URI: ontology://generated-from-draw-io/mock#
Legacy commit: cf8f84bb84ff83843b6726ac96aff3a2055f4275
Format: nt
✓ Loaded 83 mxCells from XML
Starting cell classifications...
✓ Classified 81 mxCells
Injected 2 unclassified mxCells (using unprocessed values)
✓ Extracted 83 cell classifications:
  ARROW_LABEL: 42
  LITERAL: 5
  STANDALONE_INDIVIDUAL: 17
  TYPE_TOKEN: 17
  UNCLASSIFIED: 2
                             Debug scenario results                             
┏━━━━━━━━━━━━━┳━━━━━━━━━┳━━━━━━━━━━━━━━━━━━━━━━━━━━┳━━━━━━━━━━━━━━━━━━━━━━━━━━━┓
┃ Graph       ┃ Triples ┃ Output                   ┃ N-Triples SHA256          ┃
┡━━━━━━━━━━━━━╇━━━━━━━━━╇━━━━━━━━━━━━━━━━━━━━━━━━━━╇━━━━━━━━━━━━━━━━━━━━━━━━━━━┩
│ py_legacy   │      87 │ results/pytest-a9825254… │ 940ad1dc15c1b4b2d9cb6d79… │
│ ts_pipeline │     101 │ results/pytest-a9825254… │ fee4a8ebdc6168d5846ca0cc… │
│ ts_plugin   │      91 │ results/pytest-a9825254… │ 81f710a65f97d5e11a6a5d99… │
└─────────────┴─────────┴──────────────────────────┴───────────────────────────┘
Isomorphism checks:
  ❌ py_legacy_vs_ts_pipeline
  ✅ py_legacy_vs_ts_plugin
  ❌ ts_pipeline_vs_ts_plugin
[31m[1m_______________ test_parse_drawio_respects_infer_literal_toggle ________________[0m

    [0m[94mdef[39;49;00m[90m [39;49;00m[92mtest_parse_drawio_respects_infer_literal_toggle[39;49;00m() -> [94mNone[39;49;00m:[90m[39;49;00m
        reset_graph_store()[90m[39;49;00m
        xml_payload = _load_fixture([33m"[39;49;00m[33mAA37 Department of Health.drawio[39;49;00m[33m"[39;49;00m)[90m[39;49;00m
    [90m[39;49;00m
        _, graph_without_inference = parse_drawio_xml([90m[39;49;00m
            xml_payload, {[33m"[39;49;00m[33minfer_type_of_literals[39;49;00m[33m"[39;49;00m: [94mFalse[39;49;00m}[90m[39;49;00m
        )[90m[39;49;00m
        inferred_disabled = [96msum[39;49;00m([90m[39;49;00m
            [94m1[39;49;00m[90m[39;49;00m
            [94mfor[39;49;00m _, _, obj [95min[39;49;00m graph_without_inference[90m[39;49;00m
            [94mif[39;49;00m [96mgetattr[39;49;00m(obj, [33m"[39;49;00m[33mdatatype[39;49;00m[33m"[39;49;00m, [94mNone[39;49;00m) [95min[39;49;00m {XSD.integer, XSD.float, XSD.date}[90m[39;49;00m
        )[90m[39;49;00m
        [94massert[39;49;00m inferred_disabled == [94m0[39;49;00m[90m[39;49;00m
    [90m[39;49;00m
        reset_graph_store()[90m[39;49;00m
        _, graph_with_inference = parse_drawio_xml([90m[39;49;00m
            xml_payload, {[33m"[39;49;00m[33minfer_type_of_literals[39;49;00m[33m"[39;49;00m: [94mTrue[39;49;00m}[90m[39;49;00m
        )[90m[39;49;00m
        inferred_enabled = [96msum[39;49;00m([90m[39;49;00m
            [94m1[39;49;00m[90m[39;49;00m
            [94mfor[39;49;00m _, _, obj [95min[39;49;00m graph_with_inference[90m[39;49;00m
            [94mif[39;49;00m [96mgetattr[39;49;00m(obj, [33m"[39;49;00m[33mdatatype[39;49;00m[33m"[39;49;00m, [94mNone[39;49;00m) [95min[39;49;00m {XSD.integer, XSD.float, XSD.date}[90m[39;49;00m
        )[90m[39;49;00m
>       [94massert[39;49;00m inferred_enabled > [94m0[39;49;00m[90m[39;49;00m
[1m[31mE       assert 0 > 0[0m

[1m[31maicode/python_core/tests/test_pyodide_pipeline.py[0m:138: AssertionError
[33m=============================== warnings summary ===============================[0m
aicode/integration_tests/rmlmapper_workflows/tests/test_map_schema_workflow.py::test_map_schema_workflow_general_add
aicode/integration_tests/rmlmapper_workflows/tests/test_map_schema_workflow.py::test_map_schema_workflow_general_authority
aicode/integration_tests/rmlmapper_workflows/tests/test_pipeline_workflow.py::test_pipeline_workflow_general_add
aicode/integration_tests/rmlmapper_workflows/tests/test_pipeline_workflow.py::test_pipeline_workflow_general_authority
  /home/user/drawio/src/main/webapp/plugins/rdfexport/aicode/integration_tests/rmlmapper_workflows/tests/test_map_schema_workflow.py:42: UserWarning: RML canonicalization took too long and was skipped.
    warnings.warn("RML canonicalization took too long and was skipped.", UserWarning)

-- Docs: https://docs.pytest.org/en/stable/how-to/capture-warnings.html
[36m[1m=========================== short test summary info ============================[0m
[31mFAILED[0m aicode/integration_tests/debug/tests/test_debug_cli.py::[1mtest_outputs_are_isomorphic_across_sources[0m - AssertionError: assert 101 == 91
[31mFAILED[0m aicode/python_core/tests/test_pyodide_pipeline.py::[1mtest_parse_drawio_respects_infer_literal_toggle[0m - assert 0 > 0
[31m======= [31m[1m2 failed[0m, [32m106 passed[0m, [33m4 xfailed[0m, [33m4 warnings[0m[31m in 79.81s (0:01:19)[0m[31m ========[0m
[0m[31merror[0m[2m:[0m script [1m"test:pytest:all"[0m exited with code 1[0m

Script done on 2025-12-03 23:26:59+00:00 [COMMAND_EXIT_CODE="1"]
